<?xml version="1.0" encoding="UTF-8"?>
<!-- Generated by org.testng.reporters.JUnitReportReporter -->
<testsuite hostname="James-SAGER" name="com.caveofprogramming.spring.test.testprog.NewAppTest" tests="2" failures="0" timestamp="27 Feb 2014 07:36:49 GMT" time="0.008" errors="0">
  <testcase name="testGetString" time="0.002" classname="com.caveofprogramming.spring.test.testprog.NewAppTest"/>
  <testcase name="divisionWithException" time="0.006" classname="com.caveofprogramming.spring.test.testprog.NewAppTest"/>
</testsuite> <!-- com.caveofprogramming.spring.test.testprog.NewAppTest -->
