<?xml version="1.0" encoding="UTF-8"?>
<!-- Generated by org.testng.reporters.JUnitReportReporter -->
<testsuite hostname="James-SAGER" name="com.caveofprogramming.spring.test.testprog.NewAppTest" tests="2" failures="0" timestamp="27 Feb 2014 07:35:11 GMT" time="0.012" errors="0">
  <testcase name="testGetString" time="0.003" classname="com.caveofprogramming.spring.test.testprog.NewAppTest"/>
  <testcase name="divisionWithException" time="0.009" classname="com.caveofprogramming.spring.test.testprog.NewAppTest"/>
</testsuite> <!-- com.caveofprogramming.spring.test.testprog.NewAppTest -->
