<?xml version="1.0" encoding="UTF-8"?>
<!-- Generated by org.testng.reporters.JUnitReportReporter -->
<testsuite hostname="James-SAGER" name="com.caveofprogramming.spring.test.testprog.AppTest" tests="2" failures="0" timestamp="27 Feb 2014 07:36:49 GMT" time="0.002" errors="0">
  <testcase name="testGetString" time="0.000" classname="com.caveofprogramming.spring.test.testprog.AppTest"/>
  <testcase name="testApp" time="0.002" classname="com.caveofprogramming.spring.test.testprog.AppTest"/>
</testsuite> <!-- com.caveofprogramming.spring.test.testprog.AppTest -->
